Arguments: 
  /usr/local/bin/node /usr/local/bin/yarn publish --access public

PATH: 
  /opt/homebrew/bin:/opt/homebrew/sbin:/usr/local/bin:/usr/bin:/bin:/usr/sbin:/sbin:/Library/Apple/usr/bin

Yarn version: 
  1.22.10

Node version: 
  14.17.0

Platform: 
  darwin x64

Trace: 
  Error: https://registry.npm.taobao.org/-/user/org.couchdb.user:2681137811: [conflict] User 2681137811 already exists
      at Request.params.callback [as _callback] (/usr/local/lib/node_modules/yarn/lib/cli.js:66988:18)
      at Request.self.callback (/usr/local/lib/node_modules/yarn/lib/cli.js:140662:22)
      at Request.emit (events.js:376:20)
      at Request.<anonymous> (/usr/local/lib/node_modules/yarn/lib/cli.js:141634:10)
      at Request.emit (events.js:376:20)
      at IncomingMessage.<anonymous> (/usr/local/lib/node_modules/yarn/lib/cli.js:141556:12)
      at Object.onceWrapper (events.js:482:28)
      at IncomingMessage.emit (events.js:388:22)
      at endReadableNT (internal/streams/readable.js:1336:12)
      at processTicksAndRejections (internal/process/task_queues.js:82:21)

npm manifest: 
  {
    "name": "@dgteam/validator",
    "version": "0.1.0",
    "description": "",
    "author": "2681137811 <donguayx@qq.com>",
    "main": "src/index.js",
    "scripts": {
      "push": "npm publish --access public",
      "reset": "rimraf node_modules"
    },
    "license": "MIT",
    "dependencies": {
      "validator": "~6.2.1"
    },
    "devDependencies": {},
    "files": [
      "src"
    ]
  }

yarn manifest: 
  No manifest

Lockfile: 
  # THIS IS AN AUTOGENERATED FILE. DO NOT EDIT THIS FILE DIRECTLY.
  # yarn lockfile v1
  
  
  validator@~6.2.1:
    version "6.2.1"
    resolved "https://registry.npmjs.org/validator/-/validator-6.2.1.tgz#bc575b78d15beb2e338a665ba9530c7f409ef667"
    integrity sha1-vFdbeNFb6y4zimZbqVMMf0Ce9mc=
